
> servicios@0.0.0 start
> ng serve --host 127.0.0.1 --port 4200

[33m>[39m Building...
[32m√[39m Building...
[1mInitial chunk files[22m[2m | [22m[1mNames[22m        [2m | [22m[1mRaw size[22m
[32mmain.js[39m            [2m | [22m[2mmain[22m         [2m | [22m[36m23.87 kB[39m[2m | [22m
[32mstyles.css[39m         [2m | [22m[2mstyles[22m       [2m | [22m [36m2.37 kB[39m[2m | [22m

[1m [22m                  [2m | [22m[1mInitial total[22m[2m | [22m[1m26.24 kB[22m

Application bundle generation complete. [3.091 seconds] - 2026-05-04T15:40:35.375Z

Watch mode enabled. Watching for file changes...
NOTE: Raw file sizes do not reflect development server per-request transformations.
  [32m➜[39m  [1mLocal[22m:   [36mhttp://127.0.0.1:[1m4200[22m/[39m
[33m>[39m Changes detected. Rebuilding...
[32m√[39m Changes detected. Rebuilding...
[1mInitial chunk files[22m[2m | [22m[1mNames[22m        [2m | [22m[1mRaw size[22m
[32mmain.js[39m            [2m | [22m[2mmain[22m         [2m | [22m[36m23.87 kB[39m[2m | [22m
[32mstyles.css[39m         [2m | [22m[2mstyles[22m       [2m | [22m [36m2.37 kB[39m[2m | [22m

[1m [22m                  [2m | [22m[1mInitial total[22m[2m | [22m[1m26.24 kB[22m

Application bundle generation complete. [0.262 seconds] - 2026-05-04T15:40:51.623Z

Component update sent to client(s).
[33m>[39m Changes detected. Rebuilding...
[32m√[39m Changes detected. Rebuilding...
Application bundle generation failed. [0.263 seconds] - 2026-05-04T15:44:15.904Z

[33m>[39m Changes detected. Rebuilding...
[32m√[39m Changes detected. Rebuilding...
[1mInitial chunk files[22m[2m | [22m[1mNames[22m        [2m | [22m[1mRaw size[22m
[32mmain.js[39m            [2m | [22m[2mmain[22m         [2m | [22m[36m22.99 kB[39m[2m | [22m
[32mstyles.css[39m         [2m | [22m[2mstyles[22m       [2m | [22m [36m2.37 kB[39m[2m | [22m

[1m [22m                  [2m | [22m[1mInitial total[22m[2m | [22m[1m25.36 kB[22m

Application bundle generation complete. [0.225 seconds] - 2026-05-04T15:44:19.365Z

Page reload sent to client(s).
[33m>[39m Changes detected. Rebuilding...
[32m√[39m Changes detected. Rebuilding...
[1mInitial chunk files[22m[2m | [22m[1mNames[22m        [2m | [22m[1mRaw size[22m
[32mmain.js[39m            [2m | [22m[2mmain[22m         [2m | [22m[36m22.99 kB[39m[2m | [22m
[32mstyles.css[39m         [2m | [22m[2mstyles[22m       [2m | [22m [36m2.37 kB[39m[2m | [22m

[1m [22m                  [2m | [22m[1mInitial total[22m[2m | [22m[1m25.36 kB[22m

Application bundle generation complete. [0.173 seconds] - 2026-05-04T15:44:25.054Z

Component update sent to client(s).
[33m>[39m Changes detected. Rebuilding...
[32m√[39m Changes detected. Rebuilding...
[1mInitial chunk files[22m[2m | [22m[1mNames[22m[2m | [22m[1mRaw size[22m
[32mmain.js[39m            [2m | [22m[2mmain[22m [2m | [22m[36m23.86 kB[39m[2m | [22m

Application bundle generation complete. [0.167 seconds] - 2026-05-04T15:45:17.493Z

Component update sent to client(s).
[33m>[39m Changes detected. Rebuilding...
[32m√[39m Changes detected. Rebuilding...
[1mInitial chunk files[22m[2m | [22m[1mNames[22m[2m | [22m[1mRaw size[22m
[32mmain.js[39m            [2m | [22m[2mmain[22m [2m | [22m[36m23.87 kB[39m[2m | [22m

Application bundle generation complete. [0.230 seconds] - 2026-05-04T15:45:20.752Z

Component update sent to client(s).
[33m>[39m Changes detected. Rebuilding...
[32m√[39m Changes detected. Rebuilding...
[1mInitial chunk files[22m[2m | [22m[1mNames[22m[2m | [22m[1mRaw size[22m
[32mmain.js[39m            [2m | [22m[2mmain[22m [2m | [22m[36m23.87 kB[39m[2m | [22m

Application bundle generation complete. [0.170 seconds] - 2026-05-04T15:45:21.804Z

Component update sent to client(s).
[33m>[39m Changes detected. Rebuilding...
[32m√[39m Changes detected. Rebuilding...
[1mInitial chunk files[22m[2m | [22m[1mNames[22m[2m | [22m[1mRaw size[22m
[32mmain.js[39m            [2m | [22m[2mmain[22m [2m | [22m[36m23.91 kB[39m[2m | [22m

Application bundle generation complete. [0.187 seconds] - 2026-05-04T15:45:25.349Z

Component update sent to client(s).
[33m>[39m Changes detected. Rebuilding...
[32m√[39m Changes detected. Rebuilding...
[1mInitial chunk files[22m[2m | [22m[1mNames[22m[2m | [22m[1mRaw size[22m
[32mmain.js[39m            [2m | [22m[2mmain[22m [2m | [22m[36m23.92 kB[39m[2m | [22m

Application bundle generation complete. [0.200 seconds] - 2026-05-04T15:45:26.539Z

Component update sent to client(s).
[33m>[39m Changes detected. Rebuilding...
[32m√[39m Changes detected. Rebuilding...
[1mInitial chunk files[22m[2m | [22m[1mNames[22m[2m | [22m[1mRaw size[22m
[32mmain.js[39m            [2m | [22m[2mmain[22m [2m | [22m[36m23.92 kB[39m[2m | [22m

Application bundle generation complete. [0.167 seconds] - 2026-05-04T15:45:27.569Z

Component update sent to client(s).
[33m>[39m Changes detected. Rebuilding...
[32m√[39m Changes detected. Rebuilding...
[1mInitial chunk files[22m[2m | [22m[1mNames[22m[2m | [22m[1mRaw size[22m
[32mmain.js[39m            [2m | [22m[2mmain[22m [2m | [22m[36m23.87 kB[39m[2m | [22m

Application bundle generation complete. [0.167 seconds] - 2026-05-04T15:45:34.814Z

Component update sent to client(s).
[33m>[39m Changes detected. Rebuilding...
[32m√[39m Changes detected. Rebuilding...
[1mInitial chunk files[22m[2m | [22m[1mNames[22m        [2m | [22m[1mRaw size[22m
[32mmain.js[39m            [2m | [22m[2mmain[22m         [2m | [22m[36m23.87 kB[39m[2m | [22m
[32mstyles.css[39m         [2m | [22m[2mstyles[22m       [2m | [22m [36m2.37 kB[39m[2m | [22m

[1m [22m                  [2m | [22m[1mInitial total[22m[2m | [22m[1m26.24 kB[22m

Application bundle generation complete. [0.073 seconds] - 2026-05-04T15:47:59.211Z

[33m>[39m Changes detected. Rebuilding...
[32m√[39m Changes detected. Rebuilding...
[1mInitial chunk files[22m[2m | [22m[1mNames[22m        [2m | [22m[1mRaw size[22m
[32mmain.js[39m            [2m | [22m[2mmain[22m         [2m | [22m[36m23.87 kB[39m[2m | [22m
[32mstyles.css[39m         [2m | [22m[2mstyles[22m       [2m | [22m [36m2.37 kB[39m[2m | [22m

[1m [22m                  [2m | [22m[1mInitial total[22m[2m | [22m[1m26.24 kB[22m

Application bundle generation complete. [0.076 seconds] - 2026-05-04T15:48:03.604Z

[33m>[39m Changes detected. Rebuilding...
[32m√[39m Changes detected. Rebuilding...
[1mInitial chunk files[22m[2m | [22m[1mNames[22m        [2m | [22m[1mRaw size[22m
[32mmain.js[39m            [2m | [22m[2mmain[22m         [2m | [22m[36m23.87 kB[39m[2m | [22m
[32mstyles.css[39m         [2m | [22m[2mstyles[22m       [2m | [22m [36m2.37 kB[39m[2m | [22m

[1m [22m                  [2m | [22m[1mInitial total[22m[2m | [22m[1m26.24 kB[22m

Application bundle generation complete. [0.067 seconds] - 2026-05-04T15:48:05.966Z

[33m>[39m Changes detected. Rebuilding...
[32m√[39m Changes detected. Rebuilding...
[1mInitial chunk files[22m[2m | [22m[1mNames[22m[2m | [22m[1mRaw size[22m
[32mmain.js[39m            [2m | [22m[2mmain[22m [2m | [22m[36m23.88 kB[39m[2m | [22m

Application bundle generation complete. [0.098 seconds] - 2026-05-04T15:50:29.524Z

Page reload sent to client(s).
[33m>[39m Changes detected. Rebuilding...
[32m√[39m Changes detected. Rebuilding...
[1mInitial chunk files[22m[2m | [22m[1mNames[22m        [2m | [22m[1mRaw size[22m
[32mmain.js[39m            [2m | [22m[2mmain[22m         [2m | [22m[36m23.88 kB[39m[2m | [22m
[32mstyles.css[39m         [2m | [22m[2mstyles[22m       [2m | [22m [36m2.37 kB[39m[2m | [22m

[1m [22m                  [2m | [22m[1mInitial total[22m[2m | [22m[1m26.25 kB[22m

Application bundle generation complete. [0.099 seconds] - 2026-05-04T15:50:29.830Z

[33m>[39m Changes detected. Rebuilding...
[32m√[39m Changes detected. Rebuilding...
[1mInitial chunk files[22m[2m | [22m[1mNames[22m        [2m | [22m[1mRaw size[22m
[32mmain.js[39m            [2m | [22m[2mmain[22m         [2m | [22m[36m23.88 kB[39m[2m | [22m
[32mstyles.css[39m         [2m | [22m[2mstyles[22m       [2m | [22m [36m2.37 kB[39m[2m | [22m

[1m [22m                  [2m | [22m[1mInitial total[22m[2m | [22m[1m26.25 kB[22m

Application bundle generation complete. [0.096 seconds] - 2026-05-04T15:50:56.144Z

[33m>[39m Changes detected. Rebuilding...
[32m√[39m Changes detected. Rebuilding...
[1mInitial chunk files[22m[2m | [22m[1mNames[22m        [2m | [22m[1mRaw size[22m
[32mmain.js[39m            [2m | [22m[2mmain[22m         [2m | [22m[36m23.88 kB[39m[2m | [22m
[32mstyles.css[39m         [2m | [22m[2mstyles[22m       [2m | [22m [36m2.37 kB[39m[2m | [22m

[1m [22m                  [2m | [22m[1mInitial total[22m[2m | [22m[1m26.25 kB[22m

Application bundle generation complete. [0.089 seconds] - 2026-05-04T15:50:58.143Z

[33m>[39m Changes detected. Rebuilding...
[32m√[39m Changes detected. Rebuilding...
Application bundle generation failed. [0.320 seconds] - 2026-05-04T15:51:01.813Z

[33m>[39m Changes detected. Rebuilding...
[32m√[39m Changes detected. Rebuilding...
Application bundle generation failed. [0.137 seconds] - 2026-05-04T15:51:03.119Z

[33m>[39m Changes detected. Rebuilding...
[32m√[39m Changes detected. Rebuilding...
Application bundle generation failed. [0.103 seconds] - 2026-05-04T15:51:05.256Z

[33m>[39m Changes detected. Rebuilding...
[32m√[39m Changes detected. Rebuilding...
[1mInitial chunk files[22m[2m | [22m[1mNames[22m        [2m | [22m[1mRaw size[22m
[32mmain.js[39m            [2m | [22m[2mmain[22m         [2m | [22m[36m23.88 kB[39m[2m | [22m
[32mstyles.css[39m         [2m | [22m[2mstyles[22m       [2m | [22m [36m2.37 kB[39m[2m | [22m

[1m [22m                  [2m | [22m[1mInitial total[22m[2m | [22m[1m26.25 kB[22m

Application bundle generation complete. [0.117 seconds] - 2026-05-04T15:51:08.854Z

Page reload sent to client(s).
[33m>[39m Changes detected. Rebuilding...
[32m√[39m Changes detected. Rebuilding...

No output file changes.

Application bundle generation complete. [0.107 seconds] - 2026-05-04T15:51:10.268Z

[33m>[39m Changes detected. Rebuilding...
[32m√[39m Changes detected. Rebuilding...
Application bundle generation failed. [0.101 seconds] - 2026-05-04T15:51:14.266Z

[33m>[39m Changes detected. Rebuilding...
[32m√[39m Changes detected. Rebuilding...
Application bundle generation failed. [0.321 seconds] - 2026-05-04T15:51:17.484Z

[33m>[39m Changes detected. Rebuilding...
[32m√[39m Changes detected. Rebuilding...
Application bundle generation failed. [0.126 seconds] - 2026-05-04T15:51:19.486Z

[33m>[39m Changes detected. Rebuilding...
[32m√[39m Changes detected. Rebuilding...
Application bundle generation failed. [0.101 seconds] - 2026-05-04T15:51:22.610Z

[33m>[39m Changes detected. Rebuilding...
[32m√[39m Changes detected. Rebuilding...
[1mInitial chunk files[22m[2m | [22m[1mNames[22m        [2m | [22m[1mRaw size[22m
[32mmain.js[39m            [2m | [22m[2mmain[22m         [2m | [22m[36m23.88 kB[39m[2m | [22m
[32mstyles.css[39m         [2m | [22m[2mstyles[22m       [2m | [22m [36m2.37 kB[39m[2m | [22m

[1m [22m                  [2m | [22m[1mInitial total[22m[2m | [22m[1m26.25 kB[22m

Application bundle generation complete. [0.107 seconds] - 2026-05-04T15:51:26.080Z

Page reload sent to client(s).
[33m>[39m Changes detected. Rebuilding...
[32m√[39m Changes detected. Rebuilding...
[1mInitial chunk files[22m[2m | [22m[1mNames[22m[2m | [22m[1mRaw size[22m
[32mmain.js[39m            [2m | [22m[2mmain[22m [2m | [22m[36m23.87 kB[39m[2m | [22m

Application bundle generation complete. [0.100 seconds] - 2026-05-04T15:51:31.715Z

Page reload sent to client(s).
[33m>[39m Changes detected. Rebuilding...
[32m√[39m Changes detected. Rebuilding...
[1mInitial chunk files[22m[2m | [22m[1mNames[22m        [2m | [22m[1mRaw size[22m
[32mmain.js[39m            [2m | [22m[2mmain[22m         [2m | [22m[36m23.87 kB[39m[2m | [22m
[32mstyles.css[39m         [2m | [22m[2mstyles[22m       [2m | [22m [36m2.37 kB[39m[2m | [22m

[1m [22m                  [2m | [22m[1mInitial total[22m[2m | [22m[1m26.24 kB[22m

Application bundle generation complete. [0.082 seconds] - 2026-05-04T15:51:32.151Z

[33m>[39m Changes detected. Rebuilding...
[32m√[39m Changes detected. Rebuilding...
[1mInitial chunk files[22m[2m | [22m[1mNames[22m        [2m | [22m[1mRaw size[22m
[32mmain.js[39m            [2m | [22m[2mmain[22m         [2m | [22m[36m23.87 kB[39m[2m | [22m
[32mstyles.css[39m         [2m | [22m[2mstyles[22m       [2m | [22m [36m2.37 kB[39m[2m | [22m

[1m [22m                  [2m | [22m[1mInitial total[22m[2m | [22m[1m26.24 kB[22m

Application bundle generation complete. [0.085 seconds] - 2026-05-04T15:51:34.810Z

[33m>[39m Changes detected. Rebuilding...
[32m√[39m Changes detected. Rebuilding...
[1mInitial chunk files[22m[2m | [22m[1mNames[22m[2m | [22m[1mRaw size[22m
[32mmain.js[39m            [2m | [22m[2mmain[22m [2m | [22m[36m23.86 kB[39m[2m | [22m

Application bundle generation complete. [0.171 seconds] - 2026-05-04T15:58:44.771Z

Page reload sent to client(s).
[33m>[39m Changes detected. Rebuilding...
[32m√[39m Changes detected. Rebuilding...
[1mInitial chunk files[22m[2m | [22m[1mNames[22m[2m | [22m[1mRaw size[22m
[32mmain.js[39m            [2m | [22m[2mmain[22m [2m | [22m[36m24.57 kB[39m[2m | [22m

Application bundle generation complete. [0.523 seconds] - 2026-05-04T16:00:10.953Z

Page reload sent to client(s).
[33m>[39m Changes detected. Rebuilding...
[32m√[39m Changes detected. Rebuilding...
[1mInitial chunk files[22m[2m | [22m[1mNames[22m        [2m | [22m [1mRaw size[22m
[32mmain.js[39m            [2m | [22m[2mmain[22m         [2m | [22m [36m19.86 kB[39m[2m | [22m
[32mstyles.css[39m         [2m | [22m[2mstyles[22m       [2m | [22m[36m692 bytes[39m[2m | [22m

[1m [22m                  [2m | [22m[1mInitial total[22m[2m | [22m [1m20.55 kB[22m

Application bundle generation complete. [0.476 seconds] - 2026-05-04T16:06:27.249Z

Page reload sent to client(s).
[33m>[39m Changes detected. Rebuilding...
[32m√[39m Changes detected. Rebuilding...
[1mInitial chunk files[22m[2m | [22m[1mNames[22m[2m | [22m[1mRaw size[22m
[32mmain.js[39m            [2m | [22m[2mmain[22m [2m | [22m[36m19.85 kB[39m[2m | [22m

Application bundle generation complete. [0.343 seconds] - 2026-05-04T16:08:51.935Z

Component update sent to client(s).
[33m>[39m Changes detected. Rebuilding...
[32m√[39m Changes detected. Rebuilding...
[1mInitial chunk files[22m[2m | [22m[1mNames[22m[2m | [22m[1mRaw size[22m
[32mmain.js[39m            [2m | [22m[2mmain[22m [2m | [22m[36m19.86 kB[39m[2m | [22m

Application bundle generation complete. [0.221 seconds] - 2026-05-04T16:08:58.151Z

Component update sent to client(s).
[33m>[39m Changes detected. Rebuilding...
[32m√[39m Changes detected. Rebuilding...
[1mInitial chunk files[22m[2m | [22m[1mNames[22m[2m | [22m[1mRaw size[22m
[32mmain.js[39m            [2m | [22m[2mmain[22m [2m | [22m[36m19.85 kB[39m[2m | [22m

Application bundle generation complete. [0.197 seconds] - 2026-05-04T16:09:11.641Z

Component update sent to client(s).
[33m>[39m Changes detected. Rebuilding...
[32m√[39m Changes detected. Rebuilding...
[1mInitial chunk files[22m[2m | [22m[1mNames[22m[2m | [22m[1mRaw size[22m
[32mmain.js[39m            [2m | [22m[2mmain[22m [2m | [22m[36m19.86 kB[39m[2m | [22m

Application bundle generation complete. [0.191 seconds] - 2026-05-04T16:09:16.093Z

Component update sent to client(s).
[33m>[39m Changes detected. Rebuilding...
[32m√[39m Changes detected. Rebuilding...
[1mInitial chunk files[22m[2m | [22m[1mNames[22m[2m | [22m[1mRaw size[22m
[32mmain.js[39m            [2m | [22m[2mmain[22m [2m | [22m[36m19.84 kB[39m[2m | [22m

Application bundle generation complete. [0.179 seconds] - 2026-05-04T16:12:57.959Z

Component update sent to client(s).
[33m>[39m Changes detected. Rebuilding...
[32m√[39m Changes detected. Rebuilding...
[1mInitial chunk files[22m[2m | [22m[1mNames[22m[2m | [22m[1mRaw size[22m
[32mmain.js[39m            [2m | [22m[2mmain[22m [2m | [22m[36m19.83 kB[39m[2m | [22m

Application bundle generation complete. [0.133 seconds] - 2026-05-04T16:13:01.031Z

Component update sent to client(s).
[33m>[39m Changes detected. Rebuilding...
[32m√[39m Changes detected. Rebuilding...
Application bundle generation failed. [1.096 seconds] - 2026-05-04T16:56:17.245Z

[33m>[39m Changes detected. Rebuilding...
[32m√[39m Changes detected. Rebuilding...
Application bundle generation failed. [0.628 seconds] - 2026-05-04T16:57:05.907Z

[33m>[39m Changes detected. Rebuilding...
[32m√[39m Changes detected. Rebuilding...
Application bundle generation failed. [0.409 seconds] - 2026-05-04T16:57:08.569Z

[33m>[39m Changes detected. Rebuilding...
[32m√[39m Changes detected. Rebuilding...
Application bundle generation failed. [0.201 seconds] - 2026-05-04T16:59:50.999Z

[33m>[39m Changes detected. Rebuilding...
[32m√[39m Changes detected. Rebuilding...
Application bundle generation failed. [0.219 seconds] - 2026-05-04T16:59:52.898Z

[33m>[39m Changes detected. Rebuilding...
[32m√[39m Changes detected. Rebuilding...
Application bundle generation failed. [0.208 seconds] - 2026-05-04T17:00:40.182Z

[33m>[39m Changes detected. Rebuilding...
[32m√[39m Changes detected. Rebuilding...
Application bundle generation failed. [0.162 seconds] - 2026-05-04T17:00:44.214Z

[33m>[39m Changes detected. Rebuilding...
[32m√[39m Changes detected. Rebuilding...
Application bundle generation failed. [0.114 seconds] - 2026-05-04T17:00:49.310Z

[33m>[39m Changes detected. Rebuilding...
[32m√[39m Changes detected. Rebuilding...
Application bundle generation failed. [0.187 seconds] - 2026-05-04T17:00:53.241Z

[33m>[39m Changes detected. Rebuilding...
[32m√[39m Changes detected. Rebuilding...
Application bundle generation failed. [0.156 seconds] - 2026-05-04T17:00:56.170Z

[33m>[39m Changes detected. Rebuilding...
[32m√[39m Changes detected. Rebuilding...
Application bundle generation failed. [0.137 seconds] - 2026-05-04T17:00:59.604Z

[33m>[39m Changes detected. Rebuilding...
[32m√[39m Changes detected. Rebuilding...
Application bundle generation failed. [0.305 seconds] - 2026-05-04T17:01:20.273Z

[33m>[39m Changes detected. Rebuilding...
[32m√[39m Changes detected. Rebuilding...
[1mInitial chunk files[22m[2m | [22m[1mNames[22m        [2m | [22m [1mRaw size[22m
[32mmain.js[39m            [2m | [22m[2mmain[22m         [2m | [22m [36m19.86 kB[39m[2m | [22m
[32mstyles.css[39m         [2m | [22m[2mstyles[22m       [2m | [22m[36m692 bytes[39m[2m | [22m

[1m [22m                  [2m | [22m[1mInitial total[22m[2m | [22m [1m20.56 kB[22m

Application bundle generation complete. [0.332 seconds] - 2026-05-04T17:01:24.020Z

Page reload sent to client(s).
[33m>[39m Changes detected. Rebuilding...
[32m√[39m Changes detected. Rebuilding...
[1mInitial chunk files[22m[2m | [22m[1mNames[22m        [2m | [22m [1mRaw size[22m
[32mmain.js[39m            [2m | [22m[2mmain[22m         [2m | [22m [36m19.86 kB[39m[2m | [22m
[32mstyles.css[39m         [2m | [22m[2mstyles[22m       [2m | [22m[36m692 bytes[39m[2m | [22m

[1m [22m                  [2m | [22m[1mInitial total[22m[2m | [22m [1m20.56 kB[22m

Application bundle generation complete. [0.101 seconds] - 2026-05-04T17:18:52.708Z

